vision/final/app/build/intermediates/manifest_merge_blame_file/debug/manifest-merger-blame-debug-report.txt
1<?xml version="1.0" encoding="utf-8"?>
2<manifest xmlns:android="http://schemas.android.com/apk/res/android"
3    package="com.google.firebase.codelab.mlkitUABC"
4    android:versionCode="1"
5    android:versionName="1.0" >
6
7    <uses-sdk
8        android:minSdkVersion="19"
8-->src/main/AndroidManifest.xml
9        android:targetSdkVersion="28" />
9-->src/main/AndroidManifest.xml
10
11    <uses-permission android:name="android.permission.INTERNET" />
11-->src/main/AndroidManifest.xml:5:5-67
11-->src/main/AndroidManifest.xml:5:22-64
12    <uses-permission android:name="android.permission.ACCESS_WIFI_STATE" />
12-->src/main/AndroidManifest.xml:6:5-76
12-->src/main/AndroidManifest.xml:6:22-73
13    <uses-permission android:name="android.permission.ACCESS_NETWORK_STATE" />
13-->src/main/AndroidManifest.xml:7:5-79
13-->src/main/AndroidManifest.xml:7:22-76
14    <uses-permission
14-->src/main/AndroidManifest.xml:8:5-10:38
15        android:name="android.permission.WRITE_EXTERNAL_STORAGE"
15-->src/main/AndroidManifest.xml:9:9-65
16        android:maxSdkVersion="18" />
16-->src/main/AndroidManifest.xml:10:9-35
17
18    <uses-feature
18-->src/main/AndroidManifest.xml:12:5-14:35
19        android:name="android.hardware.camera"
19-->src/main/AndroidManifest.xml:13:9-47
20        android:required="true" />
20-->src/main/AndroidManifest.xml:14:9-32
21
22    <uses-permission
22-->src/main/AndroidManifest.xml:16:5-18:38
23        android:name="android.permission.READ_EXTERNAL_STORAGE"
23-->src/main/AndroidManifest.xml:17:9-64
24        android:maxSdkVersion="18" />
24-->src/main/AndroidManifest.xml:18:9-35
25    <uses-permission android:name="android.permission.WAKE_LOCK" /> <!-- Required by older versions of Google Play services to create IID tokens -->
25-->[com.google.firebase:firebase-iid:17.0.3] AndroidManifest.xml:24:5-68
25-->[com.google.firebase:firebase-iid:17.0.3] AndroidManifest.xml:24:22-65
26    <uses-permission android:name="com.google.android.c2dm.permission.RECEIVE" />
26-->[com.google.firebase:firebase-iid:17.0.3] AndroidManifest.xml:26:5-82
26-->[com.google.firebase:firebase-iid:17.0.3] AndroidManifest.xml:26:22-79
27
28    <application
28-->src/main/AndroidManifest.xml:20:5-47:19
29        android:allowBackup="true"
29-->src/main/AndroidManifest.xml:22:9-35
30        android:appComponentFactory="androidx.core.app.CoreComponentFactory"
30-->[androidx.core:core:1.1.0] AndroidManifest.xml:24:18-86
31        android:debuggable="true"
32        android:icon="@mipmap/ic_launcher"
32-->src/main/AndroidManifest.xml:23:9-43
33        android:label="@string/app_name"
33-->src/main/AndroidManifest.xml:24:9-41
34        android:roundIcon="@mipmap/ic_launcher_round"
34-->src/main/AndroidManifest.xml:25:9-54
35        android:supportsRtl="true"
35-->src/main/AndroidManifest.xml:26:9-35
36        android:testOnly="true"
37        android:theme="@style/AppTheme"
37-->src/main/AndroidManifest.xml:27:9-40
38        android:usesCleartextTraffic="true" >
38-->src/main/AndroidManifest.xml:21:9-44
39        <activity android:name="com.google.firebase.codelab.UI.IntroActivity" >
39-->src/main/AndroidManifest.xml:28:9-35:20
39-->src/main/AndroidManifest.xml:28:19-78
40            <intent-filter>
40-->src/main/AndroidManifest.xml:30:13-34:29
41                <action android:name="android.intent.action.MAIN" />
41-->src/main/AndroidManifest.xml:31:17-69
41-->src/main/AndroidManifest.xml:31:25-66
42
43                <category android:name="android.intent.category.LAUNCHER" />
43-->src/main/AndroidManifest.xml:33:17-77
43-->src/main/AndroidManifest.xml:33:27-74
44            </intent-filter>
45        </activity>
46        <activity android:name="com.google.firebase.codelab.UI.LoginActivity" />
46-->src/main/AndroidManifest.xml:36:9-80
46-->src/main/AndroidManifest.xml:36:19-78
47        <activity android:name="com.google.firebase.codelab.UI.RegisterActivity" />
47-->src/main/AndroidManifest.xml:37:9-83
47-->src/main/AndroidManifest.xml:37:19-81
48        <activity android:name="com.google.firebase.codelab.labelScannerUABC.ProductListActivity" />
48-->src/main/AndroidManifest.xml:38:9-57
48-->src/main/AndroidManifest.xml:38:19-54
49        <activity android:name="com.google.firebase.codelab.labelScannerUABC.DataEntryActivity" />
49-->src/main/AndroidManifest.xml:39:9-55
49-->src/main/AndroidManifest.xml:39:19-52
50        <activity android:name="com.google.firebase.codelab.mlkitUABC.NutrientsActivity" />
50-->src/main/AndroidManifest.xml:40:9-92
50-->src/main/AndroidManifest.xml:40:19-89
51        <activity
51-->src/main/AndroidManifest.xml:41:9-46:20
52            android:name="com.google.firebase.codelab.labelScannerUABC.MainMenuActivity"
52-->src/main/AndroidManifest.xml:42:13-45
53            android:configChanges="keyboardHidden|orientation|screenSize"
53-->src/main/AndroidManifest.xml:43:13-74
54            android:screenOrientation="portrait" >
54-->src/main/AndroidManifest.xml:44:13-49
55        </activity>
56        <activity
56-->[com.google.firebase:firebase-auth:19.3.1] AndroidManifest.xml:24:9-31:50
57            android:name="com.google.firebase.auth.internal.FederatedSignInActivity"
57-->[com.google.firebase:firebase-auth:19.3.1] AndroidManifest.xml:25:13-85
58            android:excludeFromRecents="true"
58-->[com.google.firebase:firebase-auth:19.3.1] AndroidManifest.xml:26:13-46
59            android:exported="true"
59-->[com.google.firebase:firebase-auth:19.3.1] AndroidManifest.xml:27:13-36
60            android:launchMode="singleTask"
60-->[com.google.firebase:firebase-auth:19.3.1] AndroidManifest.xml:28:13-44
61            android:permission="com.google.firebase.auth.api.gms.permission.LAUNCH_FEDERATED_SIGN_IN"
61-->[com.google.firebase:firebase-auth:19.3.1] AndroidManifest.xml:29:13-102
62            android:theme="@android:style/Theme.Translucent.NoTitleBar" />
62-->[com.google.firebase:firebase-auth:19.3.1] AndroidManifest.xml:30:13-72
63
64        <service
64-->[com.google.firebase:firebase-auth:19.3.1] AndroidManifest.xml:33:9-39:19
65            android:name="com.google.firebase.components.ComponentDiscoveryService"
65-->[com.google.firebase:firebase-auth:19.3.1] AndroidManifest.xml:34:13-84
66            android:directBootAware="true"
66-->[com.google.firebase:firebase-common:19.3.0] AndroidManifest.xml:34:13-43
67            android:exported="false" >
67-->[com.google.firebase:firebase-auth:19.3.1] AndroidManifest.xml:35:13-37
68            <meta-data
68-->[com.google.firebase:firebase-auth:19.3.1] AndroidManifest.xml:36:13-38:85
69                android:name="com.google.firebase.components:com.google.firebase.auth.FirebaseAuthRegistrar"
69-->[com.google.firebase:firebase-auth:19.3.1] AndroidManifest.xml:37:17-109
70                android:value="com.google.firebase.components.ComponentRegistrar" />
70-->[com.google.firebase:firebase-auth:19.3.1] AndroidManifest.xml:38:17-82
71            <meta-data
71-->[com.google.firebase:firebase-iid:17.0.3] AndroidManifest.xml:32:13-34:85
72                android:name="com.google.firebase.components:com.google.firebase.iid.Registrar"
72-->[com.google.firebase:firebase-iid:17.0.3] AndroidManifest.xml:33:17-96
73                android:value="com.google.firebase.components.ComponentRegistrar" />
73-->[com.google.firebase:firebase-iid:17.0.3] AndroidManifest.xml:34:17-82
74        </service>
75
76        <receiver
76-->[com.google.firebase:firebase-iid:17.0.3] AndroidManifest.xml:37:9-44:20
77            android:name="com.google.firebase.iid.FirebaseInstanceIdReceiver"
77-->[com.google.firebase:firebase-iid:17.0.3] AndroidManifest.xml:38:13-78
78            android:exported="true"
78-->[com.google.firebase:firebase-iid:17.0.3] AndroidManifest.xml:39:13-36
79            android:permission="com.google.android.c2dm.permission.SEND" >
79-->[com.google.firebase:firebase-iid:17.0.3] AndroidManifest.xml:40:13-73
80            <intent-filter>
80-->[com.google.firebase:firebase-iid:17.0.3] AndroidManifest.xml:41:13-43:29
81                <action android:name="com.google.android.c2dm.intent.RECEIVE" />
81-->[com.google.firebase:firebase-iid:17.0.3] AndroidManifest.xml:42:17-81
81-->[com.google.firebase:firebase-iid:17.0.3] AndroidManifest.xml:42:25-78
82            </intent-filter>
83        </receiver>
84        <!--
85             FirebaseInstanceIdService performs security checks at runtime,
86             no need for explicit permissions despite exported="true"
87        -->
88        <service
88-->[com.google.firebase:firebase-iid:17.0.3] AndroidManifest.xml:50:9-56:19
89            android:name="com.google.firebase.iid.FirebaseInstanceIdService"
89-->[com.google.firebase:firebase-iid:17.0.3] AndroidManifest.xml:51:13-77
90            android:exported="true" >
90-->[com.google.firebase:firebase-iid:17.0.3] AndroidManifest.xml:52:13-36
91            <intent-filter android:priority="-500" >
91-->[com.google.firebase:firebase-iid:17.0.3] AndroidManifest.xml:53:13-55:29
91-->[com.google.firebase:firebase-iid:17.0.3] AndroidManifest.xml:53:28-51
92                <action android:name="com.google.firebase.INSTANCE_ID_EVENT" />
92-->[com.google.firebase:firebase-iid:17.0.3] AndroidManifest.xml:54:17-80
92-->[com.google.firebase:firebase-iid:17.0.3] AndroidManifest.xml:54:25-77
93            </intent-filter>
94        </service>
95
96        <activity
96-->[com.google.android.gms:play-services-base:17.1.0] AndroidManifest.xml:23:9-26:75
97            android:name="com.google.android.gms.common.api.GoogleApiActivity"
97-->[com.google.android.gms:play-services-base:17.1.0] AndroidManifest.xml:24:13-79
98            android:exported="false"
98-->[com.google.android.gms:play-services-base:17.1.0] AndroidManifest.xml:25:13-37
99            android:theme="@android:style/Theme.Translucent.NoTitleBar" />
99-->[com.google.android.gms:play-services-base:17.1.0] AndroidManifest.xml:26:13-72
100
101        <provider
101-->[com.google.firebase:firebase-common:19.3.0] AndroidManifest.xml:26:9-30:39
102            android:name="com.google.firebase.provider.FirebaseInitProvider"
102-->[com.google.firebase:firebase-common:19.3.0] AndroidManifest.xml:27:13-77
103            android:authorities="com.google.firebase.codelab.mlkitUABC.firebaseinitprovider"
103-->[com.google.firebase:firebase-common:19.3.0] AndroidManifest.xml:28:13-72
104            android:exported="false"
104-->[com.google.firebase:firebase-common:19.3.0] AndroidManifest.xml:29:13-37
105            android:initOrder="100" />
105-->[com.google.firebase:firebase-common:19.3.0] AndroidManifest.xml:30:13-36
106
107        <meta-data
107-->[com.google.android.gms:play-services-basement:17.0.0] AndroidManifest.xml:23:9-25:69
108            android:name="com.google.android.gms.version"
108-->[com.google.android.gms:play-services-basement:17.0.0] AndroidManifest.xml:24:13-58
109            android:value="@integer/google_play_services_version" />
109-->[com.google.android.gms:play-services-basement:17.0.0] AndroidManifest.xml:25:13-66
110    </application>
111
112</manifest>